<?xml version="1.0" encoding="UTF-8"?>
<!-- Generated by org.testng.reporters.JUnitReportReporter -->
<testsuite hostname="sys" name="com.orangehrm.testsuite.Login" tests="2" failures="0" timestamp="3 Oct 2015 06:37:22 GMT" time="26.413" errors="0">
  <testcase name="loginTest" time="18.260" classname="com.orangehrm.testsuite.Login"/>
  <testcase name="loginTest" time="8.153" classname="com.orangehrm.testsuite.Login"/>
</testsuite> <!-- com.orangehrm.testsuite.Login -->
