<?xml version="1.0" encoding="UTF-8"?>
<!-- Generated by org.testng.reporters.JUnitReportReporter -->
<testsuite hostname="sys" name="day16.WebtableTesting1" tests="1" failures="0" timestamp="10 Sep 2015 07:11:21 GMT" time="17.961" errors="0">
  <testcase name="webtableTest" time="17.961" classname="day16.WebtableTesting1"/>
</testsuite> <!-- day16.WebtableTesting1 -->
