<?xml version="1.0" encoding="UTF-8"?>
<!-- Generated by org.testng.reporters.JUnitReportReporter -->
<testsuite hostname="sys" name="day20.Login" tests="1" failures="0" timestamp="30 Sep 2015 07:04:22 GMT" time="1.625" errors="0">
  <testcase name="loginTest" time="1.625" classname="day20.Login"/>
</testsuite> <!-- day20.Login -->
