<?xml version="1.0" encoding="UTF-8"?>
<!-- Generated by org.testng.reporters.JUnitReportReporter -->
<testsuite hostname="sys" name="day18.ExcelWebtable" tests="1" failures="0" timestamp="14 Sep 2015 07:28:59 GMT" time="19.823" errors="0">
  <testcase name="webtableTest" time="19.823" classname="day18.ExcelWebtable"/>
</testsuite> <!-- day18.ExcelWebtable -->
