<?xml version="1.0" encoding="UTF-8"?>
<!-- Generated by org.testng.reporters.JUnitReportReporter -->
<testsuite hostname="sys" name="day21.GmailLoginusingProperties" tests="1" failures="0" timestamp="21 Sep 2015 06:19:00 GMT" time="14.688" errors="0">
  <testcase name="loginTest" time="14.688" classname="day21.GmailLoginusingProperties"/>
</testsuite> <!-- day21.GmailLoginusingProperties -->
