<?xml version="1.0" encoding="UTF-8"?>
<!-- Generated by org.testng.reporters.JUnitReportReporter -->
<testsuite hostname="sys" name="day15.Explicitwait_Fluentwait" tests="1" failures="0" timestamp="9 Sep 2015 07:24:10 GMT" time="15.290" errors="0">
  <testcase name="waitTest" time="15.290" classname="day15.Explicitwait_Fluentwait"/>
</testsuite> <!-- day15.Explicitwait_Fluentwait -->
