<?xml version="1.0" encoding="UTF-8"?>
<!-- Generated by org.testng.reporters.JUnitReportReporter -->
<testsuite hostname="sys" name="day17.WebtableTestingDynamic" tests="1" failures="0" timestamp="14 Sep 2015 07:24:50 GMT" time="16.975" errors="0">
  <testcase name="webtableTest" time="16.975" classname="day17.WebtableTestingDynamic"/>
</testsuite> <!-- day17.WebtableTestingDynamic -->
