<?xml version="1.0" encoding="UTF-8"?>
<!-- Generated by org.testng.reporters.JUnitReportReporter -->
<testsuite hostname="sys" name="day14.RightClick" tests="1" failures="0" timestamp="8 Sep 2015 07:07:07 GMT" time="8.097" errors="0">
  <testcase name="rightClickTest" time="8.097" classname="day14.RightClick"/>
</testsuite> <!-- day14.RightClick -->
