<?xml version="1.0" encoding="UTF-8"?>
<!-- Generated by org.testng.reporters.JUnitReportReporter -->
<testsuite hostname="sys" name="day20.DatadrivenTesting3" tests="1" failures="0" timestamp="19 Sep 2015 06:23:00 GMT" time="34.170" errors="0">
  <testcase name="linksTest" time="34.170" classname="day20.DatadrivenTesting3"/>
</testsuite> <!-- day20.DatadrivenTesting3 -->
