<?xml version="1.0" encoding="UTF-8"?>
<!-- Generated by org.testng.reporters.JUnitReportReporter -->
<testsuite hostname="sys" name="day15.Implicitwait" tests="1" failures="0" timestamp="9 Sep 2015 06:43:47 GMT" time="76.630" errors="0">
  <testcase name="sliderTest" time="76.630" classname="day15.Implicitwait"/>
</testsuite> <!-- day15.Implicitwait -->
