<?xml version="1.0" encoding="UTF-8"?>
<!-- Generated by org.testng.reporters.JUnitReportReporter -->
<testsuite hostname="sys" name="day13.MultipleWindows1" tests="1" failures="0" timestamp="4 Sep 2015 06:56:52 GMT" time="19.399" errors="0">
  <testcase name="multipleWindowsTest" time="19.399" classname="day13.MultipleWindows1"/>
</testsuite> <!-- day13.MultipleWindows1 -->
