<?xml version="1.0" encoding="UTF-8"?>
<!-- Generated by org.testng.reporters.JUnitReportReporter -->
<testsuite hostname="sys" name="day21.Login" tests="1" failures="0" timestamp="21 Sep 2015 06:49:26 GMT" time="11.912" errors="0">
  <testcase name="loginTest" time="11.912" classname="day21.Login"/>
</testsuite> <!-- day21.Login -->
