<?xml version="1.0" encoding="UTF-8"?>
<!-- Generated by org.testng.reporters.JUnitReportReporter -->
<testsuite hostname="sys" name="day11.Sample" tests="2" failures="0" timestamp="1 Sep 2015 06:18:56 GMT" time="0.047" errors="0">
  <testcase name="regTest" time="0.015" classname="day11.Sample"/>
  <testcase name="loginTest" time="0.032" classname="day11.Sample"/>
</testsuite> <!-- day11.Sample -->
