<?xml version="1.0" encoding="UTF-8"?>
<!-- Generated by org.testng.reporters.JUnitReportReporter -->
<testsuite hostname="sys" name="day11.CheckBoxesTesting2" tests="1" failures="0" timestamp="1 Sep 2015 06:48:00 GMT" time="20.251" errors="0">
  <testcase name="checkBoxTest" time="20.251" classname="day11.CheckBoxesTesting2"/>
</testsuite> <!-- day11.CheckBoxesTesting2 -->
