<?xml version="1.0" encoding="UTF-8"?>
<!-- Generated by org.testng.reporters.JUnitReportReporter -->
<testsuite hostname="sys" name="day24.DatadrivenOnGrid" tests="2" failures="0" timestamp="24 Sep 2015 06:49:01 GMT" time="97.067" errors="0">
  <testcase name="linksTest" time="48.533" classname="day24.DatadrivenOnGrid"/>
  <testcase name="linksTest" time="48.534" classname="day24.DatadrivenOnGrid"/>
</testsuite> <!-- day24.DatadrivenOnGrid -->
