<?xml version="1.0" encoding="UTF-8"?>
<!-- Generated by org.testng.reporters.JUnitReportReporter -->
<testsuite hostname="sys" name="day20.Conversions" tests="1" failures="0" timestamp="19 Sep 2015 06:45:38 GMT" time="0.858" errors="0">
  <testcase name="conversionsTest" time="0.858" classname="day20.Conversions"/>
</testsuite> <!-- day20.Conversions -->
