<?xml version="1.0" encoding="UTF-8"?>
<!-- Generated by org.testng.reporters.JUnitReportReporter -->
<testsuite hostname="sys" name="day26.TestCase1" tests="1" failures="0" timestamp="30 Sep 2015 06:33:59 GMT" time="16.258" errors="0">
  <testcase name="pomTest" time="16.258" classname="day26.TestCase1"/>
</testsuite> <!-- day26.TestCase1 -->
