<?xml version="1.0" encoding="UTF-8"?>
<!-- Generated by org.testng.reporters.JUnitReportReporter -->
<testsuite hostname="sys" name="day19.DatadrivenTesting1" tests="1" failures="0" timestamp="18 Sep 2015 06:36:13 GMT" time="45.032" errors="0">
  <testcase name="linksTest" time="45.032" classname="day19.DatadrivenTesting1"/>
</testsuite> <!-- day19.DatadrivenTesting1 -->
