<?xml version="1.0" encoding="UTF-8"?>
<!-- Generated by org.testng.reporters.JUnitReportReporter -->
<testsuite hostname="sys" name="day15.SliderBar" tests="1" failures="0" timestamp="9 Sep 2015 06:16:41 GMT" time="18.653" errors="0">
  <testcase name="sliderTest" time="18.653" classname="day15.SliderBar"/>
</testsuite> <!-- day15.SliderBar -->
