<?xml version="1.0" encoding="UTF-8"?>
<!-- Generated by org.testng.reporters.JUnitReportReporter -->
<testsuite hostname="sys" name="day20.Links" tests="1" failures="0" timestamp="30 Sep 2015 07:04:22 GMT" time="42.134" errors="0">
  <testcase name="linksTest" time="42.134" classname="day20.Links"/>
</testsuite> <!-- day20.Links -->
