<?xml version="1.0" encoding="UTF-8"?>
<!-- Generated by org.testng.reporters.JUnitReportReporter -->
<testsuite hostname="sys" name="ChromeLaunch" tests="1" failures="0" timestamp="8 Sep 2015 05:59:45 GMT" time="10.477" errors="0">
  <testcase name="mainMethod" time="10.477" classname="ChromeLaunch"/>
</testsuite> <!-- ChromeLaunch -->
