<?xml version="1.0" encoding="UTF-8"?>
<!-- Generated by org.testng.reporters.JUnitReportReporter -->
<testsuite hostname="sys" name="day14.MouseHovering" tests="1" failures="0" timestamp="8 Sep 2015 06:48:20 GMT" time="15.442" errors="0">
  <testcase name="mouseHoverTest" time="15.442" classname="day14.MouseHovering"/>
</testsuite> <!-- day14.MouseHovering -->
