<?xml version="1.0" encoding="UTF-8"?>
<!-- Generated by org.testng.reporters.JUnitReportReporter -->
<testsuite hostname="sys" name="day11.CheckBoxesTesting1" tests="1" failures="0" timestamp="1 Sep 2015 06:36:54 GMT" time="21.968" errors="0">
  <testcase name="checkBoxTest" time="21.968" classname="day11.CheckBoxesTesting1"/>
</testsuite> <!-- day11.CheckBoxesTesting1 -->
