<?xml version="1.0" encoding="UTF-8"?>
<!-- Generated by org.testng.reporters.JUnitReportReporter -->
<testsuite hostname="sys" name="day15.ExplicitWait_Webdriverwait" tests="1" failures="0" timestamp="9 Sep 2015 07:00:55 GMT" time="18.818" errors="0">
  <testcase name="waitTest" time="18.818" classname="day15.ExplicitWait_Webdriverwait"/>
</testsuite> <!-- day15.ExplicitWait_Webdriverwait -->
