<?xml version="1.0" encoding="UTF-8"?>
<!-- Generated by org.testng.reporters.JUnitReportReporter -->
<testsuite hostname="sys" name="day19.DatadrivenTesting2" tests="1" failures="0" timestamp="18 Sep 2015 07:02:15 GMT" time="20.673" errors="0">
  <testcase name="linksTest" time="20.673" classname="day19.DatadrivenTesting2"/>
</testsuite> <!-- day19.DatadrivenTesting2 -->
