<?xml version="1.0" encoding="UTF-8"?>
<!-- Generated by org.testng.reporters.JUnitReportReporter -->
<testsuite hostname="sys" name="day23.YahooLogin" tests="1" failures="0" timestamp="23 Sep 2015 06:58:48 GMT" time="11.479" errors="0">
  <testcase name="logintTest" time="11.479" classname="day23.YahooLogin"/>
</testsuite> <!-- day23.YahooLogin -->
