<?xml version="1.0" encoding="UTF-8"?>
<!-- Generated by org.testng.reporters.JUnitReportReporter -->
<testsuite hostname="sys" name="day16.AjaxAutosuggestions" tests="1" failures="0" timestamp="10 Sep 2015 06:33:13 GMT" time="8.753" errors="0">
  <testcase name="ajaxTest" time="8.753" classname="day16.AjaxAutosuggestions"/>
</testsuite> <!-- day16.AjaxAutosuggestions -->
