<?xml version="1.0" encoding="UTF-8"?>
<!-- Generated by org.testng.reporters.JUnitReportReporter -->
<testsuite hostname="sys" name="day21.GmailLoginusingReflections" tests="1" failures="0" timestamp="21 Sep 2015 07:13:07 GMT" time="12.608" errors="0">
  <testcase name="loginTest" time="12.608" classname="day21.GmailLoginusingReflections"/>
</testsuite> <!-- day21.GmailLoginusingReflections -->
