<?xml version="1.0" encoding="UTF-8"?>
<!-- Generated by org.testng.reporters.JUnitReportReporter -->
<testsuite hostname="sys" name="day12.Xpath" tests="1" failures="0" timestamp="3 Sep 2015 06:55:07 GMT" time="12.788" errors="0">
  <testcase name="xpathTest" time="12.788" classname="day12.Xpath"/>
</testsuite> <!-- day12.Xpath -->
