<?xml version="1.0" encoding="UTF-8"?>
<!-- Generated by org.testng.reporters.JUnitReportReporter -->
<testsuite hostname="sys" name="day25.DatadrivenTestingusingDB" tests="1" failures="0" timestamp="26 Sep 2015 07:16:29 GMT" time="46.385" errors="0">
  <testcase name="datadrivenTest" time="46.385" classname="day25.DatadrivenTestingusingDB"/>
</testsuite> <!-- day25.DatadrivenTestingusingDB -->
