<?xml version="1.0" encoding="UTF-8"?>
<!-- Generated by org.testng.reporters.JUnitReportReporter -->
<testsuite hostname="sys" name="day12.XpathCreation" tests="1" failures="0" timestamp="3 Sep 2015 06:42:44 GMT" time="10.472" errors="0">
  <testcase name="xpathTest" time="10.472" classname="day12.XpathCreation"/>
</testsuite> <!-- day12.XpathCreation -->
