<?xml version="1.0" encoding="UTF-8"?>
<!-- Generated by org.testng.reporters.JUnitReportReporter -->
<testsuite hostname="sys" name="day24.YahoomailLoginusingDataProvider" tests="2" failures="0" timestamp="26 Sep 2015 06:06:21 GMT" time="52.262" errors="0">
  <testcase name="loginTest" time="34.582" classname="day24.YahoomailLoginusingDataProvider"/>
  <testcase name="loginTest" time="17.680" classname="day24.YahoomailLoginusingDataProvider"/>
</testsuite> <!-- day24.YahoomailLoginusingDataProvider -->
