<?xml version="1.0" encoding="UTF-8"?>
<!-- Generated by org.testng.reporters.JUnitReportReporter -->
<testsuite hostname="sys" name="day16.WebtableTesting2" tests="1" failures="0" timestamp="10 Sep 2015 07:25:09 GMT" time="19.750" errors="0">
  <testcase name="webtableTest" time="19.750" classname="day16.WebtableTesting2"/>
</testsuite> <!-- day16.WebtableTesting2 -->
