<?xml version="1.0" encoding="UTF-8"?>
<!-- Generated by org.testng.reporters.JUnitReportReporter -->
<testsuite hostname="sys" name="day14.DragandDrop" tests="1" failures="0" timestamp="8 Sep 2015 07:17:21 GMT" time="10.590" errors="0">
  <testcase name="dragandDropTest" time="10.590" classname="day14.DragandDrop"/>
</testsuite> <!-- day14.DragandDrop -->
