<?xml version="1.0" encoding="UTF-8"?>
<!-- Generated by org.testng.reporters.JUnitReportReporter -->
<testsuite hostname="sys" name="day24.DropdownTestingOnGrid" tests="2" failures="0" timestamp="24 Sep 2015 06:29:27 GMT" time="171.149" errors="0">
  <testcase name="dropdownTest" time="46.585" classname="day24.DropdownTestingOnGrid"/>
  <testcase name="dropdownTest" time="124.564" classname="day24.DropdownTestingOnGrid"/>
</testsuite> <!-- day24.DropdownTestingOnGrid -->
