<?xml version="1.0" encoding="UTF-8"?>
<!-- Generated by org.testng.reporters.JUnitReportReporter -->
<testsuite hostname="sys" name="day11.XpathCreation1" tests="1" failures="0" timestamp="1 Sep 2015 07:24:57 GMT" time="24.132" errors="0">
  <testcase name="xpathTest" time="24.132" classname="day11.XpathCreation1"/>
</testsuite> <!-- day11.XpathCreation1 -->
